<?xml version="1.0" encoding="UTF-8"?>
<!-- Generated by org.testng.reporters.JUnitReportReporter -->
<testsuite skipped="0" hostname="LAPTOP-43CROFND" name="com.test.testcases.HomePageTest" tests="1" failures="0" timestamp="2021-08-12T13:25:30 IST" time="37.676" errors="0">
  <testcase name="mobileRechargeTest" time="37.676" classname="com.test.testcases.HomePageTest"/>
  <system-out/>
</testsuite> <!-- com.test.testcases.HomePageTest -->
